c:\users\brand\source\repos\task2\task2\debug\task2.pch
c:\users\brand\source\repos\task2\task2\debug\vc141.pdb
c:\users\brand\source\repos\task2\task2\debug\vc141.idb
c:\users\brand\source\repos\task2\task2\debug\pch.obj
c:\users\brand\source\repos\task2\task2\debug\stdafx.obj
c:\users\brand\source\repos\task2\task2\debug\server.obj
c:\users\brand\source\repos\task2\task2\debug\client.obj
c:\users\brand\source\repos\task2\task2\debug\main.obj
c:\users\brand\source\repos\task2\debug\task2.pdb
c:\users\brand\source\repos\task2\task2\debug\task2.tlog\cl.command.1.tlog
c:\users\brand\source\repos\task2\task2\debug\task2.tlog\cl.read.1.tlog
c:\users\brand\source\repos\task2\task2\debug\task2.tlog\cl.write.1.tlog
c:\users\brand\source\repos\task2\task2\debug\task2.tlog\link-cvtres.read.1.tlog
c:\users\brand\source\repos\task2\task2\debug\task2.tlog\link-cvtres.write.1.tlog
c:\users\brand\source\repos\task2\task2\debug\task2.tlog\link-rc.read.1.tlog
c:\users\brand\source\repos\task2\task2\debug\task2.tlog\link-rc.write.1.tlog
c:\users\brand\source\repos\task2\task2\debug\task2.tlog\link.9036-cvtres.read.1.tlog
c:\users\brand\source\repos\task2\task2\debug\task2.tlog\link.9036-cvtres.write.1.tlog
c:\users\brand\source\repos\task2\task2\debug\task2.tlog\link.9036-rc.read.1.tlog
c:\users\brand\source\repos\task2\task2\debug\task2.tlog\link.9036-rc.write.1.tlog
c:\users\brand\source\repos\task2\task2\debug\task2.tlog\link.9036.read.1.tlog
c:\users\brand\source\repos\task2\task2\debug\task2.tlog\link.9036.write.1.tlog
c:\users\brand\source\repos\task2\task2\debug\task2.tlog\link.command.1.tlog
c:\users\brand\source\repos\task2\task2\debug\task2.tlog\link.read.1.tlog
c:\users\brand\source\repos\task2\task2\debug\task2.tlog\link.write.1.tlog
